<?xml version="1.0" encoding="UTF-8"?>
<!-- Generated by org.testng.reporters.JUnitReportReporter -->
<testsuite hostname="Ravi" name="com.testframe.runner.Withdraw.withdrawamountrunner" tests="1" failures="0" timestamp="11 Feb 2018 14:47:11 GMT" time="3.741" errors="0">
  <testcase name="feature" time="3.741" classname="com.testframe.runner.Withdraw.withdrawamountrunner"/>
</testsuite> <!-- com.testframe.runner.Withdraw.withdrawamountrunner -->
