<?xml version="1.0" encoding="UTF-8"?>
<!-- Generated by org.testng.reporters.JUnitReportReporter -->
<testsuite hostname="Ravi" name="com.testframe.runner.NewCustomer.newcustomerrunner" tests="1" failures="0" timestamp="25 Feb 2018 15:09:02 GMT" time="21.002" errors="0">
  <testcase name="feature" time="21.002" classname="com.testframe.runner.NewCustomer.newcustomerrunner"/>
</testsuite> <!-- com.testframe.runner.NewCustomer.newcustomerrunner -->
