<?xml version="1.0" encoding="UTF-8"?>
<!-- Generated by org.testng.reporters.JUnitReportReporter -->
<testsuite hostname="Ravi" name="com.testframe.runner.testdraggururunner.testdragfeaturerunner" tests="1" failures="0" timestamp="27 Jan 2018 03:29:14 GMT" time="9.879" errors="0">
  <testcase name="feature" time="9.879" classname="com.testframe.runner.testdraggururunner.testdragfeaturerunner"/>
</testsuite> <!-- com.testframe.runner.testdraggururunner.testdragfeaturerunner -->
