<?xml version="1.0" encoding="UTF-8"?>
<!-- Generated by org.testng.reporters.JUnitReportReporter -->
<testsuite hostname="Ravi" name="com.testframe.runner.NewCustomer.newcustomerrunner" tests="1" failures="0" timestamp="27 Feb 2018 17:15:44 GMT" time="63.246" errors="0">
  <testcase name="feature" time="63.246" classname="com.testframe.runner.NewCustomer.newcustomerrunner"/>
</testsuite> <!-- com.testframe.runner.NewCustomer.newcustomerrunner -->
