<?xml version="1.0" encoding="UTF-8"?>
<!-- Generated by org.testng.reporters.JUnitReportReporter -->
<testsuite hostname="Ravi" name="com.testframe.runner.NewCustomer.newcustomerrunner" tests="1" failures="0" timestamp="1 Mar 2018 13:36:23 GMT" time="21.777" errors="0">
  <testcase name="feature" time="21.777" classname="com.testframe.runner.NewCustomer.newcustomerrunner"/>
</testsuite> <!-- com.testframe.runner.NewCustomer.newcustomerrunner -->
