<?xml version="1.0" encoding="UTF-8"?>
<!-- Generated by org.testng.reporters.JUnitReportReporter -->
<testsuite hostname="Ravi" name="com.testframe.runner.NewCustomer.newcustomerrunner" tests="1" failures="0" timestamp="28 Feb 2018 16:30:02 GMT" time="23.396" errors="0">
  <testcase name="feature" time="23.396" classname="com.testframe.runner.NewCustomer.newcustomerrunner"/>
</testsuite> <!-- com.testframe.runner.NewCustomer.newcustomerrunner -->
