<?xml version="1.0" encoding="UTF-8"?>
<!-- Generated by org.testng.reporters.JUnitReportReporter -->
<testsuite hostname="Ravi" name="com.testframe.runner.Login.Loginrunner" tests="1" failures="0" timestamp="24 Feb 2018 15:44:36 GMT" time="15.741" errors="0">
  <testcase name="feature" time="15.741" classname="com.testframe.runner.Login.Loginrunner"/>
</testsuite> <!-- com.testframe.runner.Login.Loginrunner -->
