<?xml version="1.0" encoding="UTF-8"?>
<!-- Generated by org.testng.reporters.JUnitReportReporter -->
<testsuite hostname="Ravi" name="com.testframe.runner.NewAccount.newaccountrunner" tests="1" failures="0" timestamp="1 Mar 2018 13:36:23 GMT" time="24.348" errors="0">
  <testcase name="feature" time="24.348" classname="com.testframe.runner.NewAccount.newaccountrunner"/>
</testsuite> <!-- com.testframe.runner.NewAccount.newaccountrunner -->
