<?xml version="1.0" encoding="UTF-8"?>
<!-- Generated by org.testng.reporters.JUnitReportReporter -->
<testsuite hostname="Ravi" name="com.testframe.runner.Login.Loginrunner" tests="1" failures="0" timestamp="11 Feb 2018 14:47:11 GMT" time="12.263" errors="0">
  <testcase name="feature" time="12.263" classname="com.testframe.runner.Login.Loginrunner"/>
</testsuite> <!-- com.testframe.runner.Login.Loginrunner -->
