<?xml version="1.0" encoding="UTF-8"?>
<!-- Generated by org.testng.reporters.JUnitReportReporter -->
<testsuite hostname="Ravi" name="com.testframe.runner.NewCustomer.newcustomerrunner" tests="1" failures="0" timestamp="25 Feb 2018 05:23:34 GMT" time="13.131" errors="0">
  <testcase name="feature" time="13.131" classname="com.testframe.runner.NewCustomer.newcustomerrunner"/>
</testsuite> <!-- com.testframe.runner.NewCustomer.newcustomerrunner -->
